#
# There is insufficient memory for the Java Runtime Environment to continue.
# Native memory allocation (mmap) failed to map 67108864 bytes for Failed to commit area from 0x00000000c1800000 to 0x00000000c5800000 of length 67108864.
# Possible reasons:
#   The system is out of physical RAM or swap space
#   The process is running with CompressedOops enabled, and the Java Heap may be blocking the growth of the native heap
# Possible solutions:
#   Reduce memory load on the system
#   Increase physical memory or swap space
#   Check if swap backing store is full
#   Decrease Java heap size (-Xmx/-Xms)
#   Decrease number of Java threads
#   Decrease Java thread stack sizes (-Xss)
#   Set larger code cache with -XX:ReservedCodeCacheSize=
# This output file may be truncated or incomplete.
#
#  Out of Memory Error (t:/workspace/open/src/hotspot/os/windows/os_windows.cpp:3254), pid=17016, tid=15744
#
# JRE version:  (12.0+33) (build )
# Java VM: Java HotSpot(TM) 64-Bit Server VM (12+33, mixed mode, aot, sharing, tiered, compressed oops, g1 gc, windows-amd64)
# No core dump will be written. Minidumps are not enabled by default on client versions of Windows
#

---------------  S U M M A R Y ------------

Command Line: -Dfile.encoding=Cp1252 premier_étude_de_cas.main

Host: Intel(R) Core(TM) i5-4300U CPU @ 1.90GHz, 4 cores, 3G,  Windows 10 , 64 bit Build 19041 (10.0.19041.2788)
Time: Sat Apr 15 02:00:59 2023 Paris, Madrid (heure d’été) elapsed time: 0 seconds (0d 0h 0m 0s)

---------------  T H R E A D  ---------------

Current thread (0x000002aa56cf2000):  JavaThread "Unknown thread" [_thread_in_vm, id=15744, stack(0x000000dd36600000,0x000000dd36700000)]

Stack: [0x000000dd36600000,0x000000dd36700000]
Native frames: (J=compiled Java code, j=interpreted, Vv=VM code, C=native code)
V  [jvm.dll+0x63948a]
V  [jvm.dll+0x78b31f]
V  [jvm.dll+0x78c9c1]
V  [jvm.dll+0x78d013]
V  [jvm.dll+0x262138]
V  [jvm.dll+0x63698a]
V  [jvm.dll+0x62b505]
V  [jvm.dll+0x31d9bc]
V  [jvm.dll+0x31d7ef]
V  [jvm.dll+0x323526]
V  [jvm.dll+0x370f76]
V  [jvm.dll+0x370750]
V  [jvm.dll+0x2f786a]
V  [jvm.dll+0x2f8af2]
V  [jvm.dll+0x7657b7]
V  [jvm.dll+0x766e95]
V  [jvm.dll+0x37f089]
V  [jvm.dll+0x749b14]
V  [jvm.dll+0x3ee48d]
V  [jvm.dll+0x3f03c1]
C  [jli.dll+0x51cf]
C  [ucrtbase.dll+0x21bb2]
C  [KERNEL32.DLL+0x17604]
C  [ntdll.dll+0x526a1]


---------------  P R O C E S S  ---------------

Threads class SMR info:
_java_thread_list=0x00007ffdcefa48e8, length=0, elements={
}

Java Threads: ( => current thread )

Other Threads:
  0x000002aa56d1e000 GCTaskThread "GC Thread#0" [stack: 0x000000dd36700000,0x000000dd36800000] [id=1064]
  0x000002aa56d26800 ConcurrentGCThread "G1 Main Marker" [stack: 0x000000dd36800000,0x000000dd36900000] [id=14392]
  0x000002aa56d2e000 ConcurrentGCThread "G1 Conc#0" [stack: 0x000000dd36900000,0x000000dd36a00000] [id=16132]

[error occurred during error reporting (printing all threads), id 0xc0000005, EXCEPTION_ACCESS_VIOLATION (0xc0000005) at pc=0x00007ffdce7d7a37]

VM state:not at safepoint (not fully initialized)

VM Mutex/Monitor currently owned by a thread:  ([mutex/lock_event])
[0x000002aa56cee070] Heap_lock - owner thread: 0x000002aa56cf2000

Heap address: 0x00000000c1800000, size: 1000 MB, Compressed Oops mode: Non-zero based: 0x00000000c1800000
Narrow klass base: 0x0000000000000000, Narrow klass shift: 0

GC Heap History (0 events):
No events

Deoptimization events (0 events):
No events

Classes redefined (0 events):
No events

Internal exceptions (0 events):
No events

Events (0 events):
No events


Dynamic libraries:
0x00007ff7dd880000 - 0x00007ff7dd88f000 	C:\Program Files\Java\jdk-12\bin\javaw.exe
0x00007ffe24eb0000 - 0x00007ffe250a8000 	C:\WINDOWS\SYSTEM32\ntdll.dll
0x00007ffe22fc0000 - 0x00007ffe2307f000 	C:\WINDOWS\System32\KERNEL32.DLL
0x00007ffe22c30000 - 0x00007ffe22f0a000 	C:\WINDOWS\System32\KERNELBASE.dll
0x00007ffe22a20000 - 0x00007ffe22b20000 	C:\WINDOWS\System32\ucrtbase.dll
0x00007ffe0dc30000 - 0x00007ffe0dc48000 	C:\Program Files\Java\jdk-12\bin\jli.dll
0x00007ffe23080000 - 0x00007ffe2312e000 	C:\WINDOWS\System32\ADVAPI32.dll
0x00007ffe0dc10000 - 0x00007ffe0dc26000 	C:\Program Files\Java\jdk-12\bin\VCRUNTIME140.dll
0x00007ffe24920000 - 0x00007ffe249be000 	C:\WINDOWS\System32\msvcrt.dll
0x00007ffe24a70000 - 0x00007ffe24b0c000 	C:\WINDOWS\System32\sechost.dll
0x00007ffe24620000 - 0x00007ffe24746000 	C:\WINDOWS\System32\RPCRT4.dll
0x00007ffe232a0000 - 0x00007ffe2343d000 	C:\WINDOWS\System32\USER32.dll
0x00007ffe228b0000 - 0x00007ffe228d2000 	C:\WINDOWS\System32\win32u.dll
0x00007ffe249c0000 - 0x00007ffe249eb000 	C:\WINDOWS\System32\GDI32.dll
0x00007ffe225c0000 - 0x00007ffe226d0000 	C:\WINDOWS\System32\gdi32full.dll
0x00007ffe22b90000 - 0x00007ffe22c2d000 	C:\WINDOWS\System32\msvcp_win.dll
0x00007ffe10480000 - 0x00007ffe1071a000 	C:\WINDOWS\WinSxS\amd64_microsoft.windows.common-controls_6595b64144ccf1df_6.0.19041.1110_none_60b5254171f9507e\COMCTL32.dll
0x00007ffe111c0000 - 0x00007ffe111ca000 	C:\WINDOWS\SYSTEM32\VERSION.dll
0x00007ffe23130000 - 0x00007ffe23160000 	C:\WINDOWS\System32\IMM32.DLL
0x00007ffdfb130000 - 0x00007ffdfb1da000 	C:\Program Files\Java\jdk-12\bin\msvcp140.dll
0x00007ffdce4d0000 - 0x00007ffdcf044000 	C:\Program Files\Java\jdk-12\bin\server\jvm.dll
0x00007ffe23550000 - 0x00007ffe23558000 	C:\WINDOWS\System32\PSAPI.DLL
0x00007ffe0d650000 - 0x00007ffe0d677000 	C:\WINDOWS\SYSTEM32\WINMM.dll
0x00007ffe1e3e0000 - 0x00007ffe1e3e9000 	C:\WINDOWS\SYSTEM32\WSOCK32.dll
0x00007ffe238b0000 - 0x00007ffe2391b000 	C:\WINDOWS\System32\WS2_32.dll
0x00007ffe20480000 - 0x00007ffe20492000 	C:\WINDOWS\SYSTEM32\kernel.appcore.dll
0x00007ffe16110000 - 0x00007ffe16121000 	C:\Program Files\Java\jdk-12\bin\verify.dll
0x00007ffe1ada0000 - 0x00007ffe1af84000 	C:\WINDOWS\SYSTEM32\DBGHELP.DLL
0x00007ffe0ed50000 - 0x00007ffe0ed84000 	C:\WINDOWS\SYSTEM32\dbgcore.DLL
0x00007ffe22990000 - 0x00007ffe22a12000 	C:\WINDOWS\System32\bcryptPrimitives.dll
0x00007ffe160e0000 - 0x00007ffe16106000 	C:\Program Files\Java\jdk-12\bin\java.dll
0x00007ffe160c0000 - 0x00007ffe160d7000 	C:\Program Files\Java\jdk-12\bin\zip.dll
0x00007ffe1db10000 - 0x00007ffe1db1a000 	C:\Program Files\Java\jdk-12\bin\jimage.dll

dbghelp: loaded successfully - version: 4.0.5 - missing functions: none
symbol engine: initialized successfully - sym options: 0x614 - pdb path: .;C:\Program Files\Java\jdk-12\bin;C:\WINDOWS\SYSTEM32;C:\WINDOWS\WinSxS\amd64_microsoft.windows.common-controls_6595b64144ccf1df_6.0.19041.1110_none_60b5254171f9507e;C:\Program Files\Java\jdk-12\bin\server

VM Arguments:
jvm_args: -Dfile.encoding=Cp1252 
java_command: premier_étude_de_cas.main
java_class_path (initial): C:\Users\rahim\eclipse-workspace\PROJECTFIN\bin;C:\Users\rahim\OneDrive\Bureau\MaDKit-tutorials-project (1)\lib\madkit-5.3.jar
Launcher Type: SUN_STANDARD

[Global flags]
     intx CICompilerCount                          = 3                                         {product} {ergonomic}
     uint ConcGCThreads                            = 1                                         {product} {ergonomic}
     uint G1ConcRefinementThreads                  = 4                                         {product} {ergonomic}
   size_t G1HeapRegionSize                         = 1048576                                   {product} {ergonomic}
    uintx GCDrainStackTargetSize                   = 64                                        {product} {ergonomic}
   size_t InitialHeapSize                          = 67108864                                  {product} {ergonomic}
   size_t MarkStackSize                            = 4194304                                   {product} {ergonomic}
   size_t MaxHeapSize                              = 1048576000                                {product} {ergonomic}
   size_t MinHeapDeltaBytes                        = 1048576                                   {product} {ergonomic}
    uintx NonNMethodCodeHeapSize                   = 5830732                                {pd product} {ergonomic}
    uintx NonProfiledCodeHeapSize                  = 122913754                              {pd product} {ergonomic}
    uintx ProfiledCodeHeapSize                     = 122913754                              {pd product} {ergonomic}
    uintx ReservedCodeCacheSize                    = 251658240                              {pd product} {ergonomic}
     bool SegmentedCodeCache                       = true                                      {product} {ergonomic}
     bool UseCompressedClassPointers               = true                                 {lp64_product} {ergonomic}
     bool UseCompressedOops                        = true                                 {lp64_product} {ergonomic}
     bool UseG1GC                                  = true                                      {product} {ergonomic}
     bool UseLargePagesIndividualAllocation        = false                                  {pd product} {ergonomic}

Logging:
Log output configuration:
 #0: stdout all=warning uptime,level,tags
 #1: stderr all=off uptime,level,tags

Environment Variables:
JAVA_HOME=C:\Program Files\Java\jdk-12\bin
PATH=C:/Program Files/Java/jdk-12/bin/server;C:/Program Files/Java/jdk-12/bin;C:\Program Files\Java\jdk-12\bin;C:\Program Files\Java\jdk-12\bin;C:\Users\rahim\OneDrive\Bureau;
USERNAME=rahim
OS=Windows_NT
PROCESSOR_IDENTIFIER=Intel64 Family 6 Model 69 Stepping 1, GenuineIntel



---------------  S Y S T E M  ---------------

OS: Windows 10 , 64 bit Build 19041 (10.0.19041.2788)

CPU:total 4 (initial active 4) (2 cores per cpu, 2 threads per core) family 6 model 69 stepping 1, cmov, cx8, fxsr, mmx, sse, sse2, sse3, ssse3, sse4.1, sse4.2, popcnt, avx, avx2, aes, clmul, erms, lzcnt, ht, tsc, tscinvbit, bmi1, bmi2, fma

Memory: 4k page, system-wide physical 3993M (327M free)
TotalPageFile size 16281M (AvailPageFile size 33M)
current process WorkingSet (physical memory assigned to process): 10M, peak: 10M
current process commit charge ("private bytes"): 51M, peak: 115M

vm_info: Java HotSpot(TM) 64-Bit Server VM (12+33) for windows-amd64 JRE (12+33), built on Feb 21 2019 02:31:50 by "mach5one" with MS VC++ 15.5 (VS2017)

END.
